Arguments: 
  C:\Program Files\nodejs\node.exe C:\Users\andre\.node\corepack\yarn\1.22.15\bin\yarn.js add -D @typescript-eslint/eslit-plugin eslint @typescript-eslint/parser

PATH: 
  C:\Users\andre\bin;C:\Program Files\Git\mingw64\bin;C:\Program Files\Git\usr\local\bin;C:\Program Files\Git\usr\bin;C:\Program Files\Git\usr\bin;C:\Program Files\Git\mingw64\bin;C:\Program Files\Git\usr\bin;C:\Users\andre\bin;C:\Program Files\Python310\Scripts;C:\Program Files\Python310;C:\Program Files\Common Files\Oracle\Java\javapath;C:\Program Files (x86)\Common Files\Oracle\Java\javapath;C:\WINDOWS\system32;C:\WINDOWS;C:\WINDOWS\System32\Wbem;C:\WINDOWS\System32\WindowsPowerShell\v1.0;C:\WINDOWS\System32\OpenSSH;C:\Program Files\TortoiseSVN\bin;C:\Program Files\Git\cmd;C:\Program Files\nodejs;C:\My Apps;C:\Program Files\Oracle\instantclient_21_3;C:\Program Files\Apache\apache-maven-3.8.5\bin;C:\Program Files\Apache\apache-ant-1.9.16\bin;C:\Program Files (x86)\NVIDIA Corporation\PhysX\Common;C:\Users\andre\AppData\Local\Microsoft\WindowsApps;C:\Users\andre\AppData\Local\Programs\Microsoft VS Code\bin;C:\Users\andre\AppData\Roaming\npm;C:\Program Files\Git\usr\bin\vendor_perl;C:\Program Files\Git\usr\bin\core_perl

Yarn version: 
  1.22.15

Node version: 
  16.15.0

Platform: 
  win32 x64

Trace: 
  Error: https://registry.yarnpkg.com/@typescript-eslint%2feslit-plugin: Not found
      at Request.params.callback [as _callback] (C:\Users\andre\.node\corepack\yarn\1.22.15\lib\cli.js:66140:18)
      at Request.self.callback (C:\Users\andre\.node\corepack\yarn\1.22.15\lib\cli.js:140885:22)
      at Request.emit (node:events:527:28)
      at Request.<anonymous> (C:\Users\andre\.node\corepack\yarn\1.22.15\lib\cli.js:141857:10)
      at Request.emit (node:events:527:28)
      at IncomingMessage.<anonymous> (C:\Users\andre\.node\corepack\yarn\1.22.15\lib\cli.js:141779:12)
      at Object.onceWrapper (node:events:641:28)
      at IncomingMessage.emit (node:events:539:35)
      at endReadableNT (node:internal/streams/readable:1345:12)
      at processTicksAndRejections (node:internal/process/task_queues:83:21)

npm manifest: 
  {
    "name": "typescript-eslint",
    "version": "1.0.0",
    "main": "index.js",
    "license": "MIT"
  }

yarn manifest: 
  No manifest

Lockfile: 
  # THIS IS AN AUTOGENERATED FILE. DO NOT EDIT THIS FILE DIRECTLY.
  # yarn lockfile v1
